        -:    0:Source:cardtest4.c
        -:    0:Graph:cardtest4.gcno
        -:    0:Data:cardtest4.gcda
        -:    0:Runs:2
        -:    0:Programs:1
        -:    1:/*************************************************************************************
        -:    2: * CS362 Assignment 3
        -:    3: * Name: Christina Curran
        -:    4: * File: cardtest4.c
        -:    5: * **********************************************************************************/
        -:    6:
        -:    7:#include "dominion.h"
        -:    8:#include "dominion_helpers.h"
        -:    9:#include "rngs.h"
        -:   10:#include <string.h>
        -:   11:#include <stdio.h>
        -:   12:#include <stdlib.h>
        -:   13:#include <assert.h>
        -:   14:
        -:   15://Sea Hag card test
        2:   16:void main(){
        -:   17:	
        2:   18:	int numPlayers = 2;
        2:   19:	int seed = 1000;
        -:   20:	//initialize game, as done in playdom.c and add test game
        -:   21:	struct gameState gm,test;
        2:   22:	int k[10] = {adventurer, gardens, embargo, village, minion, mine, cutpurse,
        -:   23:		     sea_hag, tribute, smithy};
        2:   24:	int handPos = 0;
        2:   25:	int choice1 = 0;
        2:   26:	int choice2 = 0;
        2:   27:	int choice3 = 0;
        2:   28:	int bonus = 0;
        2:   29:	int player = 0;
        -:   30:	
        -:   31:	//starting a game and cards
        2:   32:	initializeGame (numPlayers, k, seed, &gm);	
        -:   33:
        2:   34:	printf("\n**Testing Sea Hag card**\n");
        -:   35:
        -:   36:	//copy current game into a test game variable for comparison
        2:   37:	memcpy(&test, &gm, sizeof(struct gameState));
        -:   38:	//test Village card
        2:   39:	cardEffect(sea_hag, choice1, choice2, choice3, &gm, handPos, &bonus);
        2:   40:	player = whoseTurn(&test);
        -:   41:
        -:   42:	//check player hand count
        2:   43:	if(test.handCount[player] == gm.handCount[player]){
        2:   44:		printf ("Player Hand Count: PASS\n");
        -:   45:	}
        -:   46:	else{
    #####:   47:		printf ("Player Hand Count: FAIL\n");
        -:   48:	}
        -:   49:
        -:   50:	//check if card discarded
        2:   51:	if(test.discardCount[player] == gm.discardCount[player]){
        2:   52:		printf("Village card discarded: PASS\n");
        -:   53:	}
        -:   54:	else{
    #####:   55:		printf("Village card discarded: FAIL\n");
        -:   56:	}
        -:   57:
        2:   58:	printf("**Sea Hag card testing complete**\n\n");
        2:   59:}
