        -:    0:Source:randomtest1.c
        -:    0:Graph:randomtest1.gcno
        -:    0:Data:randomtest1.gcda
        -:    0:Runs:2
        -:    0:Programs:1
        -:    1:/*************************************************************************************
        -:    2: * CS362 Assignment 4
        -:    3: * Name: Christina Curran
        -:    4: * File: randomtest1.c (for great hall)
        -:    5: * **********************************************************************************/
        -:    6:#include <string.h>
        -:    7:#include <stdlib.h>
        -:    8:#include <stdio.h>
        -:    9:#include <assert.h>
        -:   10:#include <time.h>
        -:   11:#include "dominion.h"
        -:   12:#include "dominion_helpers.h"
        -:   13:#include "rngs.h"
        -:   14:#include "interface.h"
        -:   15:
        2:   16:int main(){
        -:   17:
        -:   18:	int i;			//iterators
        2:   19:	int handPos = 0, choice1 = 0, choice2 = 0, choice3 = 0, bonus = 0;
        -:   20:	struct gameState G;
        2:   21:	int k[10] = {adventurer, embargo, village, minion, mine, cutpurse, sea_hag,
        -:   22:		     tribute, smithy, council_room};
        2:   23:	int numPlayers = 2;
        2:   24:	int currentPlayer = 0;		//setting to 0 to start with player 1
        2:   25:	int seed = 1000;
        -:   26:	int deckSize;
        -:   27:	int handSize;
        -:   28:	int actionStart;
        -:   29:	int actionTest;
        -:   30:	int handStart;
        -:   31:	int handTest;
        -:   32:	int deckStart;
        -:   33:	int deckTest;
        -:   34:	int discardStart;
        -:   35:	int discardTest;
        2:   36:	int fail = 0;
        2:   37:	int failNum = 0;
        2:   38:	int passNum = 0;
        -:   39:
        -:   40:	//seed randomizaiton based on time
        2:   41:	srand(time(NULL));
        -:   42:	
        -:   43:	//run many, many random game tests to try and show how valid tests are
    20000:   44:	for (i=0; i<9999; i++){
    19998:   45:		initializeGame(numPlayers, k, seed, &G);
        -:   46:		//randomize deck size and hand size
    19998:   47:		deckSize = rand() % (MAX_DECK+1);	//add 1 to ensure not 0
    19998:   48:		handSize = rand() % (deckSize+1);	//add 1 to ensure not 0
        -:   49:
        -:   50:		//set up randomization of cards in deck
        -:   51:		//reference = dominion.c
    19998:   52:		G.deckCount[0] = deckSize-handSize;
    19998:   53:		G.handCount[0] = handSize;
        -:   54:
        -:   55:		//get deck, hand, and discards before smithy 
    19998:   56:		deckStart = G.deckCount[0];
    19998:   57:		handStart = G.handCount[0];
    19998:   58:		discardStart = G.playedCardCount;
    19998:   59:		actionStart = G.numActions;
        -:   60:
        -:   61:		//run great hall card to test
    19998:   62:		cardEffect(great_hall, choice1, choice2, choice3, &G, handPos, &bonus);
        -:   63:
        -:   64:		//after running adventurer card, test number of coins
    19998:   65:		deckTest = G.deckCount[0];
    19998:   66:		handTest = G.handCount[0];
    19998:   67:		discardTest = G.playedCardCount;
    19998:   68:		actionStart = G.numActions;
        -:   69:
        -:   70:		//now, check for pass fail of test
        -:   71:		//first, we check that our hand after the test is the same; discarded
        -:   72:		//one and drew 1
    19998:   73:		if (handTest != handStart){
      281:   74:			printf("\nTEST FAIL: incorrect number of cards drawn\n");
      281:   75:			failNum++;
      281:   76:			fail = 1;
        -:   77:		}
        -:   78:		//now check and make sure 1 were drawn from deck
    19998:   79:		if (deckTest != (deckStart-1)){
      281:   80:			printf("\nTEST FAIL: incorrect number of cards taken from deck\n");
      281:   81:			failNum++;
      281:   82:			fail = 1;
        -:   83:		}
        -:   84:		//now, verify that a card was discarded
    19998:   85:		if (discardTest != (discardStart+1)){
    #####:   86:			printf("\nTEST FAIL: incorrect number of cards discarded\n");
    #####:   87:			failNum++;
    #####:   88:			fail = 1;
        -:   89:		}
        -:   90:		//last, we check that our action went up 1
    19998:   91:		if (actionTest != (actionStart+1)){
    19998:   92:			printf("\nTEST FAIL: incorrect number of cards added\n");
    19998:   93:			failNum++;
    19998:   94:			fail = 1;
        -:   95:		}
    19998:   96:		if (fail == 0){
    #####:   97:			printf("\nTESTS PASSED\n");
    #####:   98:			passNum++;
        -:   99:		}
        -:  100:	}
        -:  101:
        -:  102:	//output number of passes and fails
        2:  103:	printf("\nTests PASSED: %d\n", passNum);
        2:  104:	printf("\nTests FAILED: %d\n", failNum);
        -:  105:
        2:  106:	return 0;
        -:  107:}
