        -:    0:Source:unittest3.c
        -:    0:Graph:unittest3.gcno
        -:    0:Data:unittest3.gcda
        -:    0:Runs:1
        -:    0:Programs:1
        -:    1:/*************************************************************************************
        -:    2: * CS362 Assignment 3
        -:    3: * Name: Christina Curran
        -:    4: * File: unittest1.c
        -:    5: * **********************************************************************************/
        -:    6:
        -:    7:#include "dominion.h"
        -:    8:#include "dominion_helpers.h"
        -:    9:#include "rngs.h"
        -:   10:#include <string.h>
        -:   11:#include <stdio.h>
        -:   12:#include <stdlib.h>
        -:   13:#include <assert.h>
        -:   14:#include <math.h>
        -:   15:
        -:   16://Unit testing: whoseTurn
        1:   17:void main (int argc, char** argv){
        -:   18:
        -:   19:	struct gameState gm1;
        -:   20:	struct gameState gm2;
        1:   21:	gm1.whoseTurn = 1;
        1:   22:	gm2.whoseTurn = 2;
        -:   23:	
        1:   24:	printf("\n**Unit Test 3: whoseTurn**\n");
        -:   25:
        -:   26:	//check player 1
        1:   27:	if(whoseTurn(&gm1) == 1){
        1:   28:		printf("Player 1: PASS\n");
        -:   29:	}
        -:   30:	else{
    #####:   31:		printf("Player 1: FAIL\n");
        -:   32:	}
        -:   33:
        -:   34:	//check player 2
        1:   35:	if(whoseTurn(&gm2) == 2){
        1:   36:		printf("Player 2: PASS\n");
        -:   37:	}
        -:   38:	else{
    #####:   39:		printf("Player 2: FAIL\n");
        -:   40:	}
        1:   41:	printf("**Unit Test 3: whoseTurn complete**\n\n");
        -:   42:	
        1:   43:}
